<?xml version="1.0" encoding="UTF-8"?>
<!-- Generated by org.testng.reporters.JUnitXMLReporter -->
<testsuite ignored="0" hostname="User-PC" failures="1" tests="36" name="Test" time="243.028" errors="0" timestamp="2021-12-07T13:22:30 IST">
  <testcase classname="com.Test.LoginTest" name="ValidetUrl" time="0.039"/>
  <testcase classname="com.Test.LoginTest" name="PasswordError" time="0.317"/>
  <testcase classname="com.Test.LoginTest" name="mailError" time="0.253"/>
  <testcase classname="com.Test.LoginTest" name="Checkmailbox" time="0.166"/>
  <testcase classname="com.Test.LoginTest" name="Checkblankmail" time="0.357"/>
  <testcase classname="com.Test.LoginTest" name="validateImage" time="0.071"/>
  <testcase classname="com.Test.LoginTest" name="CheckHeading" time="0.056"/>
  <testcase classname="com.Test.LoginTest" name="checkRegistrationLink" time="0.511"/>
  <testcase classname="com.Test.LoginTest" name="test10" time="1.283"/>
  <testcase classname="com.Test.AddUserTest" name="VerifyuserpageColumn" time="0.187"/>
  <testcase classname="com.Test.AddUserTest" name="VerifySideBar" time="0.035"/>
  <testcase classname="com.Test.AddUserTest" name="CheckURL" time="0.03"/>
  <testcase classname="com.Test.AddUserTest" name="VerifyHeading" time="0.046"/>
  <testcase classname="com.Test.AddUserTest" name="VerifySubmitButton" time="0.06"/>
  <testcase classname="com.Test.AddUserTest" name="validateTitleAfterClickOnCancle" time="0.238"/>
  <testcase classname="com.Test.AddUserTest" name="VerifyAlertAfterAddUser" time="1.025">
    <failure type="org.openqa.selenium.ElementNotInteractableException" message="element not interactable
  (Session info: chrome=92.0.4515.159)
Build info: version: &amp;apos;3.141.59&amp;apos;, revision: &amp;apos;e82be7d358&amp;apos;, time: &amp;apos;2018-11-14T08:17:03&amp;apos;
System info: host: &amp;apos;USER-PC&amp;apos;, ip: &amp;apos;192.168.0.102&amp;apos;, os.name: &amp;apos;Windows 7&amp;apos;, os.arch: &amp;apos;amd64&amp;apos;, os.version: &amp;apos;6.1&amp;apos;, java.version: &amp;apos;16.0.2&amp;apos;
Driver info: org.openqa.selenium.chrome.ChromeDriver
Capabilities {acceptInsecureCerts: false, browserName: chrome, browserVersion: 92.0.4515.159, chrome: {chromedriverVersion: 92.0.4515.107 (87a818b10553..., userDataDir: C:\Users\User\AppData\Local...}, goog:chromeOptions: {debuggerAddress: localhost:64736}, javascriptEnabled: true, networkConnectionEnabled: false, pageLoadStrategy: normal, platform: WINDOWS, platformName: WINDOWS, proxy: Proxy(), setWindowRect: true, strictFileInteractability: false, timeouts: {implicit: 0, pageLoad: 300000, script: 30000}, unhandledPromptBehavior: dismiss and notify, webauthn:extension:credBlob: true, webauthn:extension:largeBlob: true, webauthn:virtualAuthenticators: true}
Session ID: 1662aab48320fb58fee0e060194d3477">
      <![CDATA[org.openqa.selenium.ElementNotInteractableException: element not interactable
  (Session info: chrome=92.0.4515.159)
Build info: version: '3.141.59', revision: 'e82be7d358', time: '2018-11-14T08:17:03'
System info: host: 'USER-PC', ip: '192.168.0.102', os.name: 'Windows 7', os.arch: 'amd64', os.version: '6.1', java.version: '16.0.2'
Driver info: org.openqa.selenium.chrome.ChromeDriver
Capabilities {acceptInsecureCerts: false, browserName: chrome, browserVersion: 92.0.4515.159, chrome: {chromedriverVersion: 92.0.4515.107 (87a818b10553..., userDataDir: C:\Users\User\AppData\Local...}, goog:chromeOptions: {debuggerAddress: localhost:64736}, javascriptEnabled: true, networkConnectionEnabled: false, pageLoadStrategy: normal, platform: WINDOWS, platformName: WINDOWS, proxy: Proxy(), setWindowRect: true, strictFileInteractability: false, timeouts: {implicit: 0, pageLoad: 300000, script: 30000}, unhandledPromptBehavior: dismiss and notify, webauthn:extension:credBlob: true, webauthn:extension:largeBlob: true, webauthn:virtualAuthenticators: true}
Session ID: 1662aab48320fb58fee0e060194d3477
at org.openqa.selenium.remote.http.W3CHttpResponseCodec.createException(W3CHttpResponseCodec.java:187)
at org.openqa.selenium.remote.http.W3CHttpResponseCodec.decode(W3CHttpResponseCodec.java:122)
at org.openqa.selenium.remote.http.W3CHttpResponseCodec.decode(W3CHttpResponseCodec.java:49)
at org.openqa.selenium.remote.HttpCommandExecutor.execute(HttpCommandExecutor.java:158)
at org.openqa.selenium.remote.service.DriverCommandExecutor.execute(DriverCommandExecutor.java:83)
at org.openqa.selenium.remote.RemoteWebDriver.execute(RemoteWebDriver.java:552)
at org.openqa.selenium.remote.RemoteWebElement.execute(RemoteWebElement.java:285)
at org.openqa.selenium.remote.RemoteWebElement.sendKeys(RemoteWebElement.java:106)
at org.openqa.selenium.support.pagefactory.internal.LocatingElementHandler.invoke(LocatingElementHandler.java:51)
at jdk.proxy2/jdk.proxy2.$Proxy13.sendKeys(Unknown Source)
at com.Pages.AddUserPage.adduserdata(AddUserPage.java:83)
at com.Test.AddUserTest.VerifyAlertAfterAddUser(AddUserTest.java:71)
at java.base/java.util.ArrayList.forEach(ArrayList.java:1511)
... Removed 35 stack frames]]>
    </failure>
  </testcase> <!-- VerifyAlertAfterAddUser -->
  <testcase classname="com.Test.DashBoardTest" name="CheckTotalinnerBox" time="0.02"/>
  <testcase classname="com.Test.DashBoardTest" name="ValidDashboardPage" time="0.023"/>
  <testcase classname="com.Test.DashBoardTest" name="CheckTotalCourses" time="0.075"/>
  <testcase classname="com.Test.DashBoardTest" name="TotalMoreInfoLink" time="0.017"/>
  <testcase classname="com.Test.DashBoardTest" name="WindowHandeling" time="11.273"/>
  <testcase classname="com.Test.DashBoardTest" name="NoOfIcons" time="0.016"/>
  <testcase classname="com.Test.DashBoardTest" name="checkUsersLinkMenu" time="0.249"/>
  <testcase classname="com.Test.DashBoardTest" name="checkOperatorsLinkMenu" time="0.339"/>
  <testcase classname="com.Test.DashBoardTest" name="checkDownloadsLinkMenu" time="0.467"/>
  <testcase classname="com.Test.DashBoardTest" name="checkLogoutLinkMenu" time="0.215"/>
  <testcase classname="com.Test.DownloadsPageTest" name="Verify32bitusers" time="0.321"/>
  <testcase classname="com.Test.RegistrationPageTest" name="checkAlreadyMembershipLink" time="0.205"/>
  <testcase classname="com.Test.RegistrationPageTest" name="FillRegistrationForm" time="0.768"/>
  <testcase classname="com.Test.UserTest" name="VerifyHeading" time="0.036"/>
  <testcase classname="com.Test.UserTest" name="CheckColumnTitle" time="0.136"/>
  <testcase classname="com.Test.UserTest" name="CorrectStateSelected" time="0.021"/>
  <testcase classname="com.Test.UserTest" name="CheckAlertHandle" time="3.115"/>
  <testcase classname="com.Test.UserTest" name="ListTitle" time="0.053"/>
  <testcase classname="com.Test.UserTest" name="VerifyMobileNo" time="0.12"/>
  <testcase classname="com.Test.UserTest" name="clickAddUserPage" time="0.233"/>
</testsuite> <!-- Test -->
