<?xml version="1.0" encoding="UTF-8"?>
<testng-results ignored="0" total="36" passed="35" failed="1" skipped="0">
  <reporter-output>
  </reporter-output>
  <suite started-at="2021-12-07T13:18:27 IST" name="Suite" finished-at="2021-12-07T13:22:30 IST" duration-ms="243028">
    <groups>
    </groups>
    <test started-at="2021-12-07T13:18:27 IST" name="Test" finished-at="2021-12-07T13:22:30 IST" duration-ms="243028">
      <class name="com.Test.DownloadsPageTest">
        <test-method is-config="true" signature="setup()[pri:0, instance:com.Test.DownloadsPageTest@35841320]" started-at="2021-12-07T13:21:35 IST" name="setup" finished-at="2021-12-07T13:21:40 IST" duration-ms="4745" status="PASS">
          <reporter-output>
          </reporter-output>
        </test-method> <!-- setup -->
        <test-method signature="Verify32bitusers()[pri:0, instance:com.Test.DownloadsPageTest@35841320]" started-at="2021-12-07T13:21:40 IST" name="Verify32bitusers" finished-at="2021-12-07T13:21:40 IST" duration-ms="321" status="PASS">
          <reporter-output>
          </reporter-output>
        </test-method> <!-- Verify32bitusers -->
        <test-method is-config="true" signature="tearDown()[pri:0, instance:com.Test.DownloadsPageTest@35841320]" started-at="2021-12-07T13:21:40 IST" name="tearDown" finished-at="2021-12-07T13:21:40 IST" duration-ms="67" status="PASS">
          <reporter-output>
          </reporter-output>
        </test-method> <!-- tearDown -->
      </class> <!-- com.Test.DownloadsPageTest -->
      <class name="com.Test.DashBoardTest">
        <test-method is-config="true" signature="setup()[pri:0, instance:com.Test.DashBoardTest@7ae0a9ec]" started-at="2021-12-07T13:20:04 IST" name="setup" finished-at="2021-12-07T13:20:13 IST" duration-ms="8644" status="PASS">
          <reporter-output>
          </reporter-output>
        </test-method> <!-- setup -->
        <test-method signature="CheckTotalinnerBox()[pri:1, instance:com.Test.DashBoardTest@7ae0a9ec]" started-at="2021-12-07T13:20:13 IST" name="CheckTotalinnerBox" finished-at="2021-12-07T13:20:13 IST" duration-ms="20" status="PASS">
          <reporter-output>
          </reporter-output>
        </test-method> <!-- CheckTotalinnerBox -->
        <test-method is-config="true" signature="tearDown()[pri:0, instance:com.Test.DashBoardTest@7ae0a9ec]" started-at="2021-12-07T13:20:13 IST" name="tearDown" finished-at="2021-12-07T13:20:13 IST" duration-ms="63" status="PASS">
          <reporter-output>
          </reporter-output>
        </test-method> <!-- tearDown -->
        <test-method is-config="true" signature="setup()[pri:0, instance:com.Test.DashBoardTest@7ae0a9ec]" started-at="2021-12-07T13:20:13 IST" name="setup" finished-at="2021-12-07T13:20:21 IST" duration-ms="7991" status="PASS">
          <reporter-output>
          </reporter-output>
        </test-method> <!-- setup -->
        <test-method signature="ValidDashboardPage()[pri:2, instance:com.Test.DashBoardTest@7ae0a9ec]" started-at="2021-12-07T13:20:21 IST" name="ValidDashboardPage" finished-at="2021-12-07T13:20:21 IST" duration-ms="23" status="PASS">
          <reporter-output>
          </reporter-output>
        </test-method> <!-- ValidDashboardPage -->
        <test-method is-config="true" signature="tearDown()[pri:0, instance:com.Test.DashBoardTest@7ae0a9ec]" started-at="2021-12-07T13:20:21 IST" name="tearDown" finished-at="2021-12-07T13:20:21 IST" duration-ms="68" status="PASS">
          <reporter-output>
          </reporter-output>
        </test-method> <!-- tearDown -->
        <test-method is-config="true" signature="setup()[pri:0, instance:com.Test.DashBoardTest@7ae0a9ec]" started-at="2021-12-07T13:20:21 IST" name="setup" finished-at="2021-12-07T13:20:29 IST" duration-ms="7894" status="PASS">
          <reporter-output>
          </reporter-output>
        </test-method> <!-- setup -->
        <test-method signature="CheckTotalCourses()[pri:3, instance:com.Test.DashBoardTest@7ae0a9ec]" started-at="2021-12-07T13:20:29 IST" name="CheckTotalCourses" finished-at="2021-12-07T13:20:29 IST" duration-ms="75" status="PASS">
          <reporter-output>
          </reporter-output>
        </test-method> <!-- CheckTotalCourses -->
        <test-method is-config="true" signature="tearDown()[pri:0, instance:com.Test.DashBoardTest@7ae0a9ec]" started-at="2021-12-07T13:20:29 IST" name="tearDown" finished-at="2021-12-07T13:20:29 IST" duration-ms="83" status="PASS">
          <reporter-output>
          </reporter-output>
        </test-method> <!-- tearDown -->
        <test-method is-config="true" signature="setup()[pri:0, instance:com.Test.DashBoardTest@7ae0a9ec]" started-at="2021-12-07T13:20:29 IST" name="setup" finished-at="2021-12-07T13:20:38 IST" duration-ms="8776" status="PASS">
          <reporter-output>
          </reporter-output>
        </test-method> <!-- setup -->
        <test-method signature="TotalMoreInfoLink()[pri:4, instance:com.Test.DashBoardTest@7ae0a9ec]" started-at="2021-12-07T13:20:38 IST" name="TotalMoreInfoLink" finished-at="2021-12-07T13:20:38 IST" duration-ms="17" status="PASS">
          <reporter-output>
          </reporter-output>
        </test-method> <!-- TotalMoreInfoLink -->
        <test-method is-config="true" signature="tearDown()[pri:0, instance:com.Test.DashBoardTest@7ae0a9ec]" started-at="2021-12-07T13:20:38 IST" name="tearDown" finished-at="2021-12-07T13:20:38 IST" duration-ms="117" status="PASS">
          <reporter-output>
          </reporter-output>
        </test-method> <!-- tearDown -->
        <test-method is-config="true" signature="setup()[pri:0, instance:com.Test.DashBoardTest@7ae0a9ec]" started-at="2021-12-07T13:20:38 IST" name="setup" finished-at="2021-12-07T13:20:47 IST" duration-ms="8562" status="PASS">
          <reporter-output>
          </reporter-output>
        </test-method> <!-- setup -->
        <test-method signature="WindowHandeling()[pri:5, instance:com.Test.DashBoardTest@7ae0a9ec]" started-at="2021-12-07T13:20:47 IST" name="WindowHandeling" finished-at="2021-12-07T13:20:58 IST" duration-ms="11273" status="PASS">
          <reporter-output>
          </reporter-output>
        </test-method> <!-- WindowHandeling -->
        <test-method is-config="true" signature="tearDown()[pri:0, instance:com.Test.DashBoardTest@7ae0a9ec]" started-at="2021-12-07T13:20:58 IST" name="tearDown" finished-at="2021-12-07T13:20:58 IST" duration-ms="31" status="PASS">
          <reporter-output>
          </reporter-output>
        </test-method> <!-- tearDown -->
        <test-method is-config="true" signature="setup()[pri:0, instance:com.Test.DashBoardTest@7ae0a9ec]" started-at="2021-12-07T13:20:58 IST" name="setup" finished-at="2021-12-07T13:21:10 IST" duration-ms="11881" status="PASS">
          <reporter-output>
          </reporter-output>
        </test-method> <!-- setup -->
        <test-method signature="NoOfIcons()[pri:6, instance:com.Test.DashBoardTest@7ae0a9ec]" started-at="2021-12-07T13:21:10 IST" name="NoOfIcons" finished-at="2021-12-07T13:21:10 IST" duration-ms="16" status="PASS">
          <reporter-output>
          </reporter-output>
        </test-method> <!-- NoOfIcons -->
        <test-method is-config="true" signature="tearDown()[pri:0, instance:com.Test.DashBoardTest@7ae0a9ec]" started-at="2021-12-07T13:21:10 IST" name="tearDown" finished-at="2021-12-07T13:21:10 IST" duration-ms="450" status="PASS">
          <reporter-output>
          </reporter-output>
        </test-method> <!-- tearDown -->
        <test-method is-config="true" signature="setup()[pri:0, instance:com.Test.DashBoardTest@7ae0a9ec]" started-at="2021-12-07T13:21:10 IST" name="setup" finished-at="2021-12-07T13:21:18 IST" duration-ms="7563" status="PASS">
          <reporter-output>
          </reporter-output>
        </test-method> <!-- setup -->
        <test-method signature="checkUsersLinkMenu()[pri:7, instance:com.Test.DashBoardTest@7ae0a9ec]" started-at="2021-12-07T13:21:18 IST" name="checkUsersLinkMenu" finished-at="2021-12-07T13:21:18 IST" duration-ms="249" status="PASS">
          <reporter-output>
          </reporter-output>
        </test-method> <!-- checkUsersLinkMenu -->
        <test-method is-config="true" signature="tearDown()[pri:0, instance:com.Test.DashBoardTest@7ae0a9ec]" started-at="2021-12-07T13:21:18 IST" name="tearDown" finished-at="2021-12-07T13:21:18 IST" duration-ms="66" status="PASS">
          <reporter-output>
          </reporter-output>
        </test-method> <!-- tearDown -->
        <test-method is-config="true" signature="setup()[pri:0, instance:com.Test.DashBoardTest@7ae0a9ec]" started-at="2021-12-07T13:21:18 IST" name="setup" finished-at="2021-12-07T13:21:23 IST" duration-ms="4523" status="PASS">
          <reporter-output>
          </reporter-output>
        </test-method> <!-- setup -->
        <test-method signature="checkOperatorsLinkMenu()[pri:8, instance:com.Test.DashBoardTest@7ae0a9ec]" started-at="2021-12-07T13:21:23 IST" name="checkOperatorsLinkMenu" finished-at="2021-12-07T13:21:23 IST" duration-ms="339" status="PASS">
          <reporter-output>
          </reporter-output>
        </test-method> <!-- checkOperatorsLinkMenu -->
        <test-method is-config="true" signature="tearDown()[pri:0, instance:com.Test.DashBoardTest@7ae0a9ec]" started-at="2021-12-07T13:21:23 IST" name="tearDown" finished-at="2021-12-07T13:21:23 IST" duration-ms="71" status="PASS">
          <reporter-output>
          </reporter-output>
        </test-method> <!-- tearDown -->
        <test-method is-config="true" signature="setup()[pri:0, instance:com.Test.DashBoardTest@7ae0a9ec]" started-at="2021-12-07T13:21:23 IST" name="setup" finished-at="2021-12-07T13:21:29 IST" duration-ms="6155" status="PASS">
          <reporter-output>
          </reporter-output>
        </test-method> <!-- setup -->
        <test-method signature="checkDownloadsLinkMenu()[pri:9, instance:com.Test.DashBoardTest@7ae0a9ec]" started-at="2021-12-07T13:21:29 IST" name="checkDownloadsLinkMenu" finished-at="2021-12-07T13:21:30 IST" duration-ms="467" status="PASS">
          <reporter-output>
          </reporter-output>
        </test-method> <!-- checkDownloadsLinkMenu -->
        <test-method is-config="true" signature="tearDown()[pri:0, instance:com.Test.DashBoardTest@7ae0a9ec]" started-at="2021-12-07T13:21:30 IST" name="tearDown" finished-at="2021-12-07T13:21:30 IST" duration-ms="83" status="PASS">
          <reporter-output>
          </reporter-output>
        </test-method> <!-- tearDown -->
        <test-method is-config="true" signature="setup()[pri:0, instance:com.Test.DashBoardTest@7ae0a9ec]" started-at="2021-12-07T13:21:30 IST" name="setup" finished-at="2021-12-07T13:21:35 IST" duration-ms="4961" status="PASS">
          <reporter-output>
          </reporter-output>
        </test-method> <!-- setup -->
        <test-method signature="checkLogoutLinkMenu()[pri:10, instance:com.Test.DashBoardTest@7ae0a9ec]" started-at="2021-12-07T13:21:35 IST" name="checkLogoutLinkMenu" finished-at="2021-12-07T13:21:35 IST" duration-ms="215" status="PASS">
          <reporter-output>
          </reporter-output>
        </test-method> <!-- checkLogoutLinkMenu -->
        <test-method is-config="true" signature="tearDown()[pri:0, instance:com.Test.DashBoardTest@7ae0a9ec]" started-at="2021-12-07T13:21:35 IST" name="tearDown" finished-at="2021-12-07T13:21:35 IST" duration-ms="68" status="PASS">
          <reporter-output>
          </reporter-output>
        </test-method> <!-- tearDown -->
      </class> <!-- com.Test.DashBoardTest -->
      <class name="com.Test.LoginTest">
        <test-method is-config="true" signature="setup()[pri:0, instance:com.Test.LoginTest@18271936]" started-at="2021-12-07T13:18:27 IST" name="setup" finished-at="2021-12-07T13:18:32 IST" duration-ms="4826" status="PASS">
          <reporter-output>
          </reporter-output>
        </test-method> <!-- setup -->
        <test-method signature="ValidetUrl()[pri:1, instance:com.Test.LoginTest@18271936]" started-at="2021-12-07T13:18:32 IST" name="ValidetUrl" finished-at="2021-12-07T13:18:32 IST" duration-ms="39" status="PASS">
          <reporter-output>
          </reporter-output>
        </test-method> <!-- ValidetUrl -->
        <test-method is-config="true" signature="Fire()[pri:0, instance:com.Test.LoginTest@18271936]" started-at="2021-12-07T13:18:32 IST" name="Fire" finished-at="2021-12-07T13:18:32 IST" duration-ms="57" status="PASS">
          <reporter-output>
          </reporter-output>
        </test-method> <!-- Fire -->
        <test-method is-config="true" signature="setup()[pri:0, instance:com.Test.LoginTest@18271936]" started-at="2021-12-07T13:18:32 IST" name="setup" finished-at="2021-12-07T13:18:35 IST" duration-ms="3010" status="PASS">
          <reporter-output>
          </reporter-output>
        </test-method> <!-- setup -->
        <test-method signature="PasswordError()[pri:2, instance:com.Test.LoginTest@18271936]" started-at="2021-12-07T13:18:35 IST" name="PasswordError" finished-at="2021-12-07T13:18:35 IST" duration-ms="317" status="PASS">
          <reporter-output>
          </reporter-output>
        </test-method> <!-- PasswordError -->
        <test-method is-config="true" signature="Fire()[pri:0, instance:com.Test.LoginTest@18271936]" started-at="2021-12-07T13:18:35 IST" name="Fire" finished-at="2021-12-07T13:18:35 IST" duration-ms="53" status="PASS">
          <reporter-output>
          </reporter-output>
        </test-method> <!-- Fire -->
        <test-method is-config="true" signature="setup()[pri:0, instance:com.Test.LoginTest@18271936]" started-at="2021-12-07T13:18:35 IST" name="setup" finished-at="2021-12-07T13:18:38 IST" duration-ms="2988" status="PASS">
          <reporter-output>
          </reporter-output>
        </test-method> <!-- setup -->
        <test-method signature="mailError()[pri:3, instance:com.Test.LoginTest@18271936]" started-at="2021-12-07T13:18:38 IST" name="mailError" finished-at="2021-12-07T13:18:39 IST" duration-ms="253" status="PASS">
          <reporter-output>
          </reporter-output>
        </test-method> <!-- mailError -->
        <test-method is-config="true" signature="Fire()[pri:0, instance:com.Test.LoginTest@18271936]" started-at="2021-12-07T13:18:39 IST" name="Fire" finished-at="2021-12-07T13:18:39 IST" duration-ms="61" status="PASS">
          <reporter-output>
          </reporter-output>
        </test-method> <!-- Fire -->
        <test-method is-config="true" signature="setup()[pri:0, instance:com.Test.LoginTest@18271936]" started-at="2021-12-07T13:18:39 IST" name="setup" finished-at="2021-12-07T13:18:42 IST" duration-ms="2796" status="PASS">
          <reporter-output>
          </reporter-output>
        </test-method> <!-- setup -->
        <test-method signature="Checkmailbox()[pri:5, instance:com.Test.LoginTest@18271936]" started-at="2021-12-07T13:18:42 IST" name="Checkmailbox" finished-at="2021-12-07T13:18:42 IST" duration-ms="166" status="PASS">
          <reporter-output>
          </reporter-output>
        </test-method> <!-- Checkmailbox -->
        <test-method is-config="true" signature="Fire()[pri:0, instance:com.Test.LoginTest@18271936]" started-at="2021-12-07T13:18:42 IST" name="Fire" finished-at="2021-12-07T13:18:42 IST" duration-ms="55" status="PASS">
          <reporter-output>
          </reporter-output>
        </test-method> <!-- Fire -->
        <test-method is-config="true" signature="setup()[pri:0, instance:com.Test.LoginTest@18271936]" started-at="2021-12-07T13:18:42 IST" name="setup" finished-at="2021-12-07T13:18:45 IST" duration-ms="3365" status="PASS">
          <reporter-output>
          </reporter-output>
        </test-method> <!-- setup -->
        <test-method signature="Checkblankmail()[pri:6, instance:com.Test.LoginTest@18271936]" started-at="2021-12-07T13:18:45 IST" name="Checkblankmail" finished-at="2021-12-07T13:18:46 IST" duration-ms="357" status="PASS">
          <reporter-output>
          </reporter-output>
        </test-method> <!-- Checkblankmail -->
        <test-method is-config="true" signature="Fire()[pri:0, instance:com.Test.LoginTest@18271936]" started-at="2021-12-07T13:18:46 IST" name="Fire" finished-at="2021-12-07T13:18:46 IST" duration-ms="63" status="PASS">
          <reporter-output>
          </reporter-output>
        </test-method> <!-- Fire -->
        <test-method is-config="true" signature="setup()[pri:0, instance:com.Test.LoginTest@18271936]" started-at="2021-12-07T13:18:46 IST" name="setup" finished-at="2021-12-07T13:18:49 IST" duration-ms="3579" status="PASS">
          <reporter-output>
          </reporter-output>
        </test-method> <!-- setup -->
        <test-method signature="validateImage()[pri:7, instance:com.Test.LoginTest@18271936]" started-at="2021-12-07T13:18:49 IST" name="validateImage" finished-at="2021-12-07T13:18:49 IST" duration-ms="71" status="PASS">
          <reporter-output>
          </reporter-output>
        </test-method> <!-- validateImage -->
        <test-method is-config="true" signature="Fire()[pri:0, instance:com.Test.LoginTest@18271936]" started-at="2021-12-07T13:18:49 IST" name="Fire" finished-at="2021-12-07T13:18:49 IST" duration-ms="62" status="PASS">
          <reporter-output>
          </reporter-output>
        </test-method> <!-- Fire -->
        <test-method is-config="true" signature="setup()[pri:0, instance:com.Test.LoginTest@18271936]" started-at="2021-12-07T13:18:49 IST" name="setup" finished-at="2021-12-07T13:18:54 IST" duration-ms="4658" status="PASS">
          <reporter-output>
          </reporter-output>
        </test-method> <!-- setup -->
        <test-method signature="CheckHeading()[pri:8, instance:com.Test.LoginTest@18271936]" started-at="2021-12-07T13:18:54 IST" name="CheckHeading" finished-at="2021-12-07T13:18:54 IST" duration-ms="56" status="PASS">
          <reporter-output>
          </reporter-output>
        </test-method> <!-- CheckHeading -->
        <test-method is-config="true" signature="Fire()[pri:0, instance:com.Test.LoginTest@18271936]" started-at="2021-12-07T13:18:54 IST" name="Fire" finished-at="2021-12-07T13:18:54 IST" duration-ms="68" status="PASS">
          <reporter-output>
          </reporter-output>
        </test-method> <!-- Fire -->
        <test-method is-config="true" signature="setup()[pri:0, instance:com.Test.LoginTest@18271936]" started-at="2021-12-07T13:18:54 IST" name="setup" finished-at="2021-12-07T13:18:59 IST" duration-ms="4589" status="PASS">
          <reporter-output>
          </reporter-output>
        </test-method> <!-- setup -->
        <test-method signature="checkRegistrationLink()[pri:9, instance:com.Test.LoginTest@18271936]" started-at="2021-12-07T13:18:59 IST" name="checkRegistrationLink" finished-at="2021-12-07T13:18:59 IST" duration-ms="511" status="PASS">
          <reporter-output>
          </reporter-output>
        </test-method> <!-- checkRegistrationLink -->
        <test-method is-config="true" signature="Fire()[pri:0, instance:com.Test.LoginTest@18271936]" started-at="2021-12-07T13:18:59 IST" name="Fire" finished-at="2021-12-07T13:18:59 IST" duration-ms="217" status="PASS">
          <reporter-output>
          </reporter-output>
        </test-method> <!-- Fire -->
        <test-method is-config="true" signature="setup()[pri:0, instance:com.Test.LoginTest@18271936]" started-at="2021-12-07T13:18:59 IST" name="setup" finished-at="2021-12-07T13:19:04 IST" duration-ms="4885" status="PASS">
          <reporter-output>
          </reporter-output>
        </test-method> <!-- setup -->
        <test-method signature="test10()[pri:10, instance:com.Test.LoginTest@18271936]" started-at="2021-12-07T13:19:04 IST" name="test10" finished-at="2021-12-07T13:19:06 IST" duration-ms="1283" status="PASS">
          <reporter-output>
          </reporter-output>
        </test-method> <!-- test10 -->
        <test-method is-config="true" signature="Fire()[pri:0, instance:com.Test.LoginTest@18271936]" started-at="2021-12-07T13:19:06 IST" name="Fire" finished-at="2021-12-07T13:19:06 IST" duration-ms="150" status="PASS">
          <reporter-output>
          </reporter-output>
        </test-method> <!-- Fire -->
      </class> <!-- com.Test.LoginTest -->
      <class name="com.Test.AddUserTest">
        <test-method is-config="true" signature="setup()[pri:0, instance:com.Test.AddUserTest@1972e513]" started-at="2021-12-07T13:19:06 IST" name="setup" finished-at="2021-12-07T13:19:12 IST" duration-ms="6156" status="PASS">
          <reporter-output>
          </reporter-output>
        </test-method> <!-- setup -->
        <test-method signature="VerifyuserpageColumn()[pri:1, instance:com.Test.AddUserTest@1972e513]" started-at="2021-12-07T13:19:12 IST" name="VerifyuserpageColumn" finished-at="2021-12-07T13:19:12 IST" duration-ms="187" status="PASS">
          <reporter-output>
          </reporter-output>
        </test-method> <!-- VerifyuserpageColumn -->
        <test-method is-config="true" signature="tearDown()[pri:0, instance:com.Test.AddUserTest@1972e513]" started-at="2021-12-07T13:19:12 IST" name="tearDown" finished-at="2021-12-07T13:19:12 IST" duration-ms="67" status="PASS">
          <reporter-output>
          </reporter-output>
        </test-method> <!-- tearDown -->
        <test-method is-config="true" signature="setup()[pri:0, instance:com.Test.AddUserTest@1972e513]" started-at="2021-12-07T13:19:12 IST" name="setup" finished-at="2021-12-07T13:19:19 IST" duration-ms="7340" status="PASS">
          <reporter-output>
          </reporter-output>
        </test-method> <!-- setup -->
        <test-method signature="VerifySideBar()[pri:2, instance:com.Test.AddUserTest@1972e513]" started-at="2021-12-07T13:19:19 IST" name="VerifySideBar" finished-at="2021-12-07T13:19:20 IST" duration-ms="35" status="PASS">
          <reporter-output>
          </reporter-output>
        </test-method> <!-- VerifySideBar -->
        <test-method is-config="true" signature="tearDown()[pri:0, instance:com.Test.AddUserTest@1972e513]" started-at="2021-12-07T13:19:20 IST" name="tearDown" finished-at="2021-12-07T13:19:20 IST" duration-ms="68" status="PASS">
          <reporter-output>
          </reporter-output>
        </test-method> <!-- tearDown -->
        <test-method is-config="true" signature="setup()[pri:0, instance:com.Test.AddUserTest@1972e513]" started-at="2021-12-07T13:19:20 IST" name="setup" finished-at="2021-12-07T13:19:28 IST" duration-ms="8039" status="PASS">
          <reporter-output>
          </reporter-output>
        </test-method> <!-- setup -->
        <test-method signature="CheckURL()[pri:3, instance:com.Test.AddUserTest@1972e513]" started-at="2021-12-07T13:19:28 IST" name="CheckURL" finished-at="2021-12-07T13:19:28 IST" duration-ms="30" status="PASS">
          <reporter-output>
          </reporter-output>
        </test-method> <!-- CheckURL -->
        <test-method is-config="true" signature="tearDown()[pri:0, instance:com.Test.AddUserTest@1972e513]" started-at="2021-12-07T13:19:28 IST" name="tearDown" finished-at="2021-12-07T13:19:28 IST" duration-ms="85" status="PASS">
          <reporter-output>
          </reporter-output>
        </test-method> <!-- tearDown -->
        <test-method is-config="true" signature="setup()[pri:0, instance:com.Test.AddUserTest@1972e513]" started-at="2021-12-07T13:19:28 IST" name="setup" finished-at="2021-12-07T13:19:36 IST" duration-ms="8588" status="PASS">
          <reporter-output>
          </reporter-output>
        </test-method> <!-- setup -->
        <test-method signature="VerifyHeading()[pri:4, instance:com.Test.AddUserTest@1972e513]" started-at="2021-12-07T13:19:36 IST" name="VerifyHeading" finished-at="2021-12-07T13:19:36 IST" duration-ms="46" status="PASS">
          <reporter-output>
          </reporter-output>
        </test-method> <!-- VerifyHeading -->
        <test-method is-config="true" signature="tearDown()[pri:0, instance:com.Test.AddUserTest@1972e513]" started-at="2021-12-07T13:19:36 IST" name="tearDown" finished-at="2021-12-07T13:19:36 IST" duration-ms="58" status="PASS">
          <reporter-output>
          </reporter-output>
        </test-method> <!-- tearDown -->
        <test-method is-config="true" signature="setup()[pri:0, instance:com.Test.AddUserTest@1972e513]" started-at="2021-12-07T13:19:36 IST" name="setup" finished-at="2021-12-07T13:19:45 IST" duration-ms="8418" status="PASS">
          <reporter-output>
          </reporter-output>
        </test-method> <!-- setup -->
        <test-method signature="VerifySubmitButton()[pri:5, instance:com.Test.AddUserTest@1972e513]" started-at="2021-12-07T13:19:45 IST" name="VerifySubmitButton" finished-at="2021-12-07T13:19:45 IST" duration-ms="60" status="PASS">
          <reporter-output>
          </reporter-output>
        </test-method> <!-- VerifySubmitButton -->
        <test-method is-config="true" signature="tearDown()[pri:0, instance:com.Test.AddUserTest@1972e513]" started-at="2021-12-07T13:19:45 IST" name="tearDown" finished-at="2021-12-07T13:19:45 IST" duration-ms="69" status="PASS">
          <reporter-output>
          </reporter-output>
        </test-method> <!-- tearDown -->
        <test-method is-config="true" signature="setup()[pri:0, instance:com.Test.AddUserTest@1972e513]" started-at="2021-12-07T13:19:45 IST" name="setup" finished-at="2021-12-07T13:19:54 IST" duration-ms="8608" status="PASS">
          <reporter-output>
          </reporter-output>
        </test-method> <!-- setup -->
        <test-method signature="validateTitleAfterClickOnCancle()[pri:6, instance:com.Test.AddUserTest@1972e513]" started-at="2021-12-07T13:19:54 IST" name="validateTitleAfterClickOnCancle" finished-at="2021-12-07T13:19:54 IST" duration-ms="238" status="PASS">
          <reporter-output>
          </reporter-output>
        </test-method> <!-- validateTitleAfterClickOnCancle -->
        <test-method is-config="true" signature="tearDown()[pri:0, instance:com.Test.AddUserTest@1972e513]" started-at="2021-12-07T13:19:54 IST" name="tearDown" finished-at="2021-12-07T13:19:54 IST" duration-ms="82" status="PASS">
          <reporter-output>
          </reporter-output>
        </test-method> <!-- tearDown -->
        <test-method is-config="true" signature="setup()[pri:0, instance:com.Test.AddUserTest@1972e513]" started-at="2021-12-07T13:19:54 IST" name="setup" finished-at="2021-12-07T13:20:03 IST" duration-ms="9249" status="PASS">
          <reporter-output>
          </reporter-output>
        </test-method> <!-- setup -->
        <test-method signature="VerifyAlertAfterAddUser()[pri:7, instance:com.Test.AddUserTest@1972e513]" started-at="2021-12-07T13:20:03 IST" name="VerifyAlertAfterAddUser" finished-at="2021-12-07T13:20:04 IST" duration-ms="1025" status="FAIL">
          <exception class="org.openqa.selenium.ElementNotInteractableException">
            <message>
              <![CDATA[element not interactable
  (Session info: chrome=92.0.4515.159)
Build info: version: '3.141.59', revision: 'e82be7d358', time: '2018-11-14T08:17:03'
System info: host: 'USER-PC', ip: '192.168.0.102', os.name: 'Windows 7', os.arch: 'amd64', os.version: '6.1', java.version: '16.0.2'
Driver info: org.openqa.selenium.chrome.ChromeDriver
Capabilities {acceptInsecureCerts: false, browserName: chrome, browserVersion: 92.0.4515.159, chrome: {chromedriverVersion: 92.0.4515.107 (87a818b10553..., userDataDir: C:\Users\User\AppData\Local...}, goog:chromeOptions: {debuggerAddress: localhost:64736}, javascriptEnabled: true, networkConnectionEnabled: false, pageLoadStrategy: normal, platform: WINDOWS, platformName: WINDOWS, proxy: Proxy(), setWindowRect: true, strictFileInteractability: false, timeouts: {implicit: 0, pageLoad: 300000, script: 30000}, unhandledPromptBehavior: dismiss and notify, webauthn:extension:credBlob: true, webauthn:extension:largeBlob: true, webauthn:virtualAuthenticators: true}
Session ID: 1662aab48320fb58fee0e060194d3477]]>
            </message>
            <full-stacktrace>
              <![CDATA[org.openqa.selenium.ElementNotInteractableException: element not interactable
  (Session info: chrome=92.0.4515.159)
Build info: version: '3.141.59', revision: 'e82be7d358', time: '2018-11-14T08:17:03'
System info: host: 'USER-PC', ip: '192.168.0.102', os.name: 'Windows 7', os.arch: 'amd64', os.version: '6.1', java.version: '16.0.2'
Driver info: org.openqa.selenium.chrome.ChromeDriver
Capabilities {acceptInsecureCerts: false, browserName: chrome, browserVersion: 92.0.4515.159, chrome: {chromedriverVersion: 92.0.4515.107 (87a818b10553..., userDataDir: C:\Users\User\AppData\Local...}, goog:chromeOptions: {debuggerAddress: localhost:64736}, javascriptEnabled: true, networkConnectionEnabled: false, pageLoadStrategy: normal, platform: WINDOWS, platformName: WINDOWS, proxy: Proxy(), setWindowRect: true, strictFileInteractability: false, timeouts: {implicit: 0, pageLoad: 300000, script: 30000}, unhandledPromptBehavior: dismiss and notify, webauthn:extension:credBlob: true, webauthn:extension:largeBlob: true, webauthn:virtualAuthenticators: true}
Session ID: 1662aab48320fb58fee0e060194d3477
at java.base/jdk.internal.reflect.NativeConstructorAccessorImpl.newInstance0(Native Method)
at java.base/jdk.internal.reflect.NativeConstructorAccessorImpl.newInstance(NativeConstructorAccessorImpl.java:78)
at java.base/jdk.internal.reflect.DelegatingConstructorAccessorImpl.newInstance(DelegatingConstructorAccessorImpl.java:45)
at java.base/java.lang.reflect.Constructor.newInstanceWithCaller(Constructor.java:499)
at java.base/java.lang.reflect.Constructor.newInstance(Constructor.java:480)
at org.openqa.selenium.remote.http.W3CHttpResponseCodec.createException(W3CHttpResponseCodec.java:187)
at org.openqa.selenium.remote.http.W3CHttpResponseCodec.decode(W3CHttpResponseCodec.java:122)
at org.openqa.selenium.remote.http.W3CHttpResponseCodec.decode(W3CHttpResponseCodec.java:49)
at org.openqa.selenium.remote.HttpCommandExecutor.execute(HttpCommandExecutor.java:158)
at org.openqa.selenium.remote.service.DriverCommandExecutor.execute(DriverCommandExecutor.java:83)
at org.openqa.selenium.remote.RemoteWebDriver.execute(RemoteWebDriver.java:552)
at org.openqa.selenium.remote.RemoteWebElement.execute(RemoteWebElement.java:285)
at org.openqa.selenium.remote.RemoteWebElement.sendKeys(RemoteWebElement.java:106)
at jdk.internal.reflect.GeneratedMethodAccessor7.invoke(Unknown Source)
at java.base/jdk.internal.reflect.DelegatingMethodAccessorImpl.invoke(DelegatingMethodAccessorImpl.java:43)
at java.base/java.lang.reflect.Method.invoke(Method.java:567)
at org.openqa.selenium.support.pagefactory.internal.LocatingElementHandler.invoke(LocatingElementHandler.java:51)
at jdk.proxy2/jdk.proxy2.$Proxy13.sendKeys(Unknown Source)
at com.Pages.AddUserPage.adduserdata(AddUserPage.java:83)
at com.Test.AddUserTest.VerifyAlertAfterAddUser(AddUserTest.java:71)
at java.base/jdk.internal.reflect.NativeMethodAccessorImpl.invoke0(Native Method)
at java.base/jdk.internal.reflect.NativeMethodAccessorImpl.invoke(NativeMethodAccessorImpl.java:78)
at java.base/jdk.internal.reflect.DelegatingMethodAccessorImpl.invoke(DelegatingMethodAccessorImpl.java:43)
at java.base/java.lang.reflect.Method.invoke(Method.java:567)
at org.testng.internal.MethodInvocationHelper.invokeMethod(MethodInvocationHelper.java:133)
at org.testng.internal.TestInvoker.invokeMethod(TestInvoker.java:598)
at org.testng.internal.TestInvoker.invokeTestMethod(TestInvoker.java:173)
at org.testng.internal.MethodRunner.runInSequence(MethodRunner.java:46)
at org.testng.internal.TestInvoker$MethodInvocationAgent.invoke(TestInvoker.java:824)
at org.testng.internal.TestInvoker.invokeTestMethods(TestInvoker.java:146)
at org.testng.internal.TestMethodWorker.invokeTestMethods(TestMethodWorker.java:146)
at org.testng.internal.TestMethodWorker.run(TestMethodWorker.java:128)
at java.base/java.util.ArrayList.forEach(ArrayList.java:1511)
at org.testng.TestRunner.privateRun(TestRunner.java:794)
at org.testng.TestRunner.run(TestRunner.java:596)
at org.testng.SuiteRunner.runTest(SuiteRunner.java:377)
at org.testng.SuiteRunner.runSequentially(SuiteRunner.java:371)
at org.testng.SuiteRunner.privateRun(SuiteRunner.java:332)
at org.testng.SuiteRunner.run(SuiteRunner.java:276)
at org.testng.SuiteRunnerWorker.runSuite(SuiteRunnerWorker.java:53)
at org.testng.SuiteRunnerWorker.run(SuiteRunnerWorker.java:96)
at org.testng.TestNG.runSuitesSequentially(TestNG.java:1212)
at org.testng.TestNG.runSuitesLocally(TestNG.java:1134)
at org.testng.TestNG.runSuites(TestNG.java:1063)
at org.testng.TestNG.run(TestNG.java:1031)
at org.testng.remote.AbstractRemoteTestNG.run(AbstractRemoteTestNG.java:115)
at org.testng.remote.RemoteTestNG.initAndRun(RemoteTestNG.java:251)
at org.testng.remote.RemoteTestNG.main(RemoteTestNG.java:77)
]]>
            </full-stacktrace>
          </exception> <!-- org.openqa.selenium.ElementNotInteractableException -->
          <reporter-output>
          </reporter-output>
        </test-method> <!-- VerifyAlertAfterAddUser -->
        <test-method is-config="true" signature="tearDown()[pri:0, instance:com.Test.AddUserTest@1972e513]" started-at="2021-12-07T13:20:04 IST" name="tearDown" finished-at="2021-12-07T13:20:04 IST" duration-ms="80" status="PASS">
          <reporter-output>
          </reporter-output>
        </test-method> <!-- tearDown -->
      </class> <!-- com.Test.AddUserTest -->
      <class name="com.Test.RegistrationPageTest">
        <test-method is-config="true" signature="setup()[pri:0, instance:com.Test.RegistrationPageTest@61c4eee0]" started-at="2021-12-07T13:21:40 IST" name="setup" finished-at="2021-12-07T13:21:44 IST" duration-ms="3365" status="PASS">
          <reporter-output>
          </reporter-output>
        </test-method> <!-- setup -->
        <test-method signature="checkAlreadyMembershipLink()[pri:1, instance:com.Test.RegistrationPageTest@61c4eee0]" started-at="2021-12-07T13:21:44 IST" name="checkAlreadyMembershipLink" finished-at="2021-12-07T13:21:44 IST" duration-ms="205" status="PASS">
          <reporter-output>
          </reporter-output>
        </test-method> <!-- checkAlreadyMembershipLink -->
        <test-method is-config="true" signature="tearDown()[pri:0, instance:com.Test.RegistrationPageTest@61c4eee0]" started-at="2021-12-07T13:21:44 IST" name="tearDown" finished-at="2021-12-07T13:21:44 IST" duration-ms="80" status="PASS">
          <reporter-output>
          </reporter-output>
        </test-method> <!-- tearDown -->
        <test-method is-config="true" signature="setup()[pri:0, instance:com.Test.RegistrationPageTest@61c4eee0]" started-at="2021-12-07T13:21:44 IST" name="setup" finished-at="2021-12-07T13:21:48 IST" duration-ms="4053" status="PASS">
          <reporter-output>
          </reporter-output>
        </test-method> <!-- setup -->
        <test-method signature="FillRegistrationForm()[pri:2, instance:com.Test.RegistrationPageTest@61c4eee0]" started-at="2021-12-07T13:21:48 IST" name="FillRegistrationForm" finished-at="2021-12-07T13:21:49 IST" duration-ms="768" status="PASS">
          <reporter-output>
          </reporter-output>
        </test-method> <!-- FillRegistrationForm -->
        <test-method is-config="true" signature="tearDown()[pri:0, instance:com.Test.RegistrationPageTest@61c4eee0]" started-at="2021-12-07T13:21:49 IST" name="tearDown" finished-at="2021-12-07T13:21:49 IST" duration-ms="77" status="PASS">
          <reporter-output>
          </reporter-output>
        </test-method> <!-- tearDown -->
      </class> <!-- com.Test.RegistrationPageTest -->
      <class name="com.Test.UserTest">
        <test-method is-config="true" signature="setup()[pri:0, instance:com.Test.UserTest@6f10d5b6]" started-at="2021-12-07T13:21:49 IST" name="setup" finished-at="2021-12-07T13:21:54 IST" duration-ms="5040" status="PASS">
          <reporter-output>
          </reporter-output>
        </test-method> <!-- setup -->
        <test-method signature="VerifyHeading()[pri:2, instance:com.Test.UserTest@6f10d5b6]" started-at="2021-12-07T13:21:54 IST" name="VerifyHeading" finished-at="2021-12-07T13:21:54 IST" duration-ms="36" status="PASS">
          <reporter-output>
          </reporter-output>
        </test-method> <!-- VerifyHeading -->
        <test-method is-config="true" signature="tearDown()[pri:0, instance:com.Test.UserTest@6f10d5b6]" started-at="2021-12-07T13:21:54 IST" name="tearDown" finished-at="2021-12-07T13:21:54 IST" duration-ms="58" status="PASS">
          <reporter-output>
          </reporter-output>
        </test-method> <!-- tearDown -->
        <test-method is-config="true" signature="setup()[pri:0, instance:com.Test.UserTest@6f10d5b6]" started-at="2021-12-07T13:21:54 IST" name="setup" finished-at="2021-12-07T13:21:59 IST" duration-ms="4985" status="PASS">
          <reporter-output>
          </reporter-output>
        </test-method> <!-- setup -->
        <test-method signature="CheckColumnTitle()[pri:3, instance:com.Test.UserTest@6f10d5b6]" started-at="2021-12-07T13:21:59 IST" name="CheckColumnTitle" finished-at="2021-12-07T13:21:59 IST" duration-ms="136" status="PASS">
          <reporter-output>
          </reporter-output>
        </test-method> <!-- CheckColumnTitle -->
        <test-method is-config="true" signature="tearDown()[pri:0, instance:com.Test.UserTest@6f10d5b6]" started-at="2021-12-07T13:21:59 IST" name="tearDown" finished-at="2021-12-07T13:21:59 IST" duration-ms="74" status="PASS">
          <reporter-output>
          </reporter-output>
        </test-method> <!-- tearDown -->
        <test-method is-config="true" signature="setup()[pri:0, instance:com.Test.UserTest@6f10d5b6]" started-at="2021-12-07T13:21:59 IST" name="setup" finished-at="2021-12-07T13:22:04 IST" duration-ms="4472" status="PASS">
          <reporter-output>
          </reporter-output>
        </test-method> <!-- setup -->
        <test-method signature="CorrectStateSelected()[pri:4, instance:com.Test.UserTest@6f10d5b6]" started-at="2021-12-07T13:22:04 IST" name="CorrectStateSelected" finished-at="2021-12-07T13:22:04 IST" duration-ms="21" status="PASS">
          <reporter-output>
          </reporter-output>
        </test-method> <!-- CorrectStateSelected -->
        <test-method is-config="true" signature="tearDown()[pri:0, instance:com.Test.UserTest@6f10d5b6]" started-at="2021-12-07T13:22:04 IST" name="tearDown" finished-at="2021-12-07T13:22:04 IST" duration-ms="67" status="PASS">
          <reporter-output>
          </reporter-output>
        </test-method> <!-- tearDown -->
        <test-method is-config="true" signature="setup()[pri:0, instance:com.Test.UserTest@6f10d5b6]" started-at="2021-12-07T13:22:04 IST" name="setup" finished-at="2021-12-07T13:22:09 IST" duration-ms="5246" status="PASS">
          <reporter-output>
          </reporter-output>
        </test-method> <!-- setup -->
        <test-method signature="CheckAlertHandle()[pri:5, instance:com.Test.UserTest@6f10d5b6]" started-at="2021-12-07T13:22:09 IST" name="CheckAlertHandle" finished-at="2021-12-07T13:22:12 IST" duration-ms="3115" status="PASS">
          <reporter-output>
          </reporter-output>
        </test-method> <!-- CheckAlertHandle -->
        <test-method is-config="true" signature="tearDown()[pri:0, instance:com.Test.UserTest@6f10d5b6]" started-at="2021-12-07T13:22:12 IST" name="tearDown" finished-at="2021-12-07T13:22:12 IST" duration-ms="84" status="PASS">
          <reporter-output>
          </reporter-output>
        </test-method> <!-- tearDown -->
        <test-method is-config="true" signature="setup()[pri:0, instance:com.Test.UserTest@6f10d5b6]" started-at="2021-12-07T13:22:12 IST" name="setup" finished-at="2021-12-07T13:22:17 IST" duration-ms="5181" status="PASS">
          <reporter-output>
          </reporter-output>
        </test-method> <!-- setup -->
        <test-method signature="ListTitle()[pri:6, instance:com.Test.UserTest@6f10d5b6]" started-at="2021-12-07T13:22:17 IST" name="ListTitle" finished-at="2021-12-07T13:22:17 IST" duration-ms="53" status="PASS">
          <reporter-output>
          </reporter-output>
        </test-method> <!-- ListTitle -->
        <test-method is-config="true" signature="tearDown()[pri:0, instance:com.Test.UserTest@6f10d5b6]" started-at="2021-12-07T13:22:17 IST" name="tearDown" finished-at="2021-12-07T13:22:17 IST" duration-ms="69" status="PASS">
          <reporter-output>
          </reporter-output>
        </test-method> <!-- tearDown -->
        <test-method is-config="true" signature="setup()[pri:0, instance:com.Test.UserTest@6f10d5b6]" started-at="2021-12-07T13:22:17 IST" name="setup" finished-at="2021-12-07T13:22:22 IST" duration-ms="5013" status="PASS">
          <reporter-output>
          </reporter-output>
        </test-method> <!-- setup -->
        <test-method signature="VerifyMobileNo()[pri:10, instance:com.Test.UserTest@6f10d5b6]" started-at="2021-12-07T13:22:22 IST" name="VerifyMobileNo" finished-at="2021-12-07T13:22:23 IST" duration-ms="120" status="PASS">
          <reporter-output>
          </reporter-output>
        </test-method> <!-- VerifyMobileNo -->
        <test-method is-config="true" signature="tearDown()[pri:0, instance:com.Test.UserTest@6f10d5b6]" started-at="2021-12-07T13:22:23 IST" name="tearDown" finished-at="2021-12-07T13:22:23 IST" duration-ms="61" status="PASS">
          <reporter-output>
          </reporter-output>
        </test-method> <!-- tearDown -->
        <test-method is-config="true" signature="setup()[pri:0, instance:com.Test.UserTest@6f10d5b6]" started-at="2021-12-07T13:22:23 IST" name="setup" finished-at="2021-12-07T13:22:30 IST" duration-ms="7225" status="PASS">
          <reporter-output>
          </reporter-output>
        </test-method> <!-- setup -->
        <test-method signature="clickAddUserPage()[pri:12, instance:com.Test.UserTest@6f10d5b6]" started-at="2021-12-07T13:22:30 IST" name="clickAddUserPage" finished-at="2021-12-07T13:22:30 IST" duration-ms="233" status="PASS">
          <reporter-output>
          </reporter-output>
        </test-method> <!-- clickAddUserPage -->
        <test-method is-config="true" signature="tearDown()[pri:0, instance:com.Test.UserTest@6f10d5b6]" started-at="2021-12-07T13:22:30 IST" name="tearDown" finished-at="2021-12-07T13:22:30 IST" duration-ms="69" status="PASS">
          <reporter-output>
          </reporter-output>
        </test-method> <!-- tearDown -->
      </class> <!-- com.Test.UserTest -->
    </test> <!-- Test -->
  </suite> <!-- Suite -->
</testng-results>
